0 verbose cli /usr/local/bin/node /usr/local/bin/npm
1 info using npm@8.6.0
2 info using node@v18.0.0
3 timing npm:load:whichnode Completed in 0ms
4 timing config:load:defaults Completed in 1ms
5 timing config:load:file:/usr/local/lib/node_modules/npm/npmrc Completed in 0ms
6 timing config:load:builtin Completed in 0ms
7 timing config:load:cli Completed in 1ms
8 timing config:load:env Completed in 0ms
9 timing config:load:project Completed in 4ms
10 timing config:load:file:/home/node/.npmrc Completed in 0ms
11 timing config:load:user Completed in 0ms
12 timing config:load:file:/usr/local/etc/npmrc Completed in 1ms
13 timing config:load:global Completed in 1ms
14 timing config:load:validate Completed in 0ms
15 timing config:load:credentials Completed in 0ms
16 timing config:load:setEnvs Completed in 1ms
17 timing config:load Completed in 9ms
18 timing npm:load:configload Completed in 9ms
19 timing npm:load:mkdirpcache Completed in 2ms
20 timing npm:load:mkdirplogs Completed in 2ms
21 verbose title npm init vue@latest
22 verbose argv "init" "vue@latest"
23 timing npm:load:setTitle Completed in 1ms
24 timing config:load:flatten Completed in 1ms
25 timing npm:load:display Completed in 2ms
26 verbose logfile logs-max:10 dir:/home/node/.npm/_logs
27 verbose logfile /home/node/.npm/_logs/2022-11-21T22_37_47_211Z-debug-0.log
28 timing npm:load:logFile Completed in 10ms
29 timing npm:load:timers Completed in 0ms
30 timing npm:load:configScope Completed in 0ms
31 timing npm:load Completed in 28ms
32 silly logfile done cleaning log files
33 http fetch GET 200 https://registry.npmjs.org/create-vue 1508ms (cache miss)
34 timing arborist:ctor Completed in 1ms
35 timing arborist:ctor Completed in 0ms
36 http fetch GET 200 https://registry.npmjs.org/npm 2421ms (cache miss)
37 timing arborist:ctor Completed in 0ms
38 timing idealTree:init Completed in 16ms
39 http fetch GET 200 https://registry.npmjs.org/create-vue 31ms (cache hit)
40 timing idealTree:userRequests Completed in 37ms
41 silly idealTree buildDeps
42 silly fetch manifest create-vue@3.4.0
43 silly placeDep ROOT create-vue@3.4.0 OK for:  want: 3.4.0
44 timing idealTree:#root Completed in 5ms
45 timing idealTree:node_modules/create-vue Completed in 0ms
46 timing idealTree:buildDeps Completed in 9ms
47 timing idealTree:fixDepFlags Completed in 0ms
48 timing idealTree Completed in 66ms
49 timing reify:loadTrees Completed in 67ms
50 timing reify:diffTrees Completed in 1ms
51 silly reify moves {}
52 timing reify:retireShallow Completed in 1ms
53 timing reify:createSparse Completed in 5ms
54 timing reify:loadBundles Completed in 0ms
55 silly audit bulk request { 'create-vue': [ '3.4.0' ] }
56 silly tarball no local data for create-vue@https://registry.npmjs.org/create-vue/-/create-vue-3.4.0.tgz. Extracting by manifest.
57 http fetch POST 200 https://registry.npmjs.org/-/npm/v1/security/advisories/bulk 262ms
58 timing auditReport:getReport Completed in 263ms
59 silly audit report {}
60 timing auditReport:init Completed in 0ms
61 timing reify:audit Completed in 264ms
62 http fetch GET 200 https://registry.npmjs.org/create-vue/-/create-vue-3.4.0.tgz 348ms (cache miss)
63 timing reifyNode:node_modules/create-vue Completed in 355ms
64 timing reify:unpack Completed in 355ms
65 timing reify:unretire Completed in 0ms
66 timing build:queue Completed in 1ms
67 timing build:link:node_modules/create-vue Completed in 6ms
68 timing build:link Completed in 6ms
69 timing build:deps Completed in 8ms
70 timing build Completed in 8ms
71 timing reify:build Completed in 9ms
72 timing reify:trash Completed in 0ms
73 timing reify:save Completed in 4ms
74 timing reify Completed in 460ms
75 timing command:init Completed in 17909ms
76 notice
76 notice New [31mmajor[39m version of npm available! [31m8.6.0[39m -> [32m9.1.2[39m
76 notice Changelog: [36mhttps://github.com/npm/cli/releases/tag/v9.1.2[39m
76 notice Run [32mnpm install -g npm@9.1.2[39m to update!
76 notice
77 verbose exit 0
78 timing npm Completed in 17966ms
79 info ok
